<?xml version="1.0" encoding="UTF-8" ?>
<testsuite tests="1" failures="1" name="com.unicorn.location.UnicornPostLocationHandlerTest" time="1.372" errors="0" skipped="0">
  <properties>
[...]
</properties>
  <testcase classname="com.unicorn.location.UnicornPostLocationHandlerTest" name="successfulResponse" time="1.372">
    <failure message="expected:&lt;200&gt; but was:&lt;400&gt;" type="java.lang.AssertionError">java.lang.AssertionError: expected:&lt;200&gt; but was:&lt;400&gt;
	at org.junit.Assert.fail(Assert.java:89)
	at org.junit.Assert.failNotEquals(Assert.java:835)
	at org.junit.Assert.assertEquals(Assert.java:647)
	at org.junit.Assert.assertEquals(Assert.java:633)
	at com.unicorn.location.UnicornPostLocationHandlerTest.successfulResponse(UnicornPostLocationHandlerTest.java:21)
	at java.base/jdk.internal.reflect.DirectMethodHandleAccessor.invoke(DirectMethodHandleAccessor.java:104)
	at java.base/java.lang.reflect.Method.invoke(Method.java:578)
	at org.junit.runners.model.FrameworkMethod$1.runReflectiveCall(FrameworkMethod.java:59)
	at org.junit.internal.runners.model.ReflectiveCallable.run(ReflectiveCallable.java:12)
	at org.junit.runners.model.FrameworkMethod.invokeExplosively(FrameworkMethod.java:56)
	at org.junit.internal.runners.statements.InvokeMethod.evaluate(InvokeMethod.java:17)
	at org.junit.runners.ParentRunner$3.evaluate(ParentRunner.java:306)
	at org.junit.runners.BlockJUnit4ClassRunner$1.evaluate(BlockJUnit4ClassRunner.java:100)
	at org.junit.runners.ParentRunner.runLeaf(ParentRunner.java:366)
	at org.junit.runners.BlockJUnit4ClassRunner.runChild(BlockJUnit4ClassRunner.java:103)
	at org.junit.runners.BlockJUnit4ClassRunner.runChild(BlockJUnit4ClassRunner.java:63)
	at org.junit.runners.ParentRunner$4.run(ParentRunner.java:331)
	at org.junit.runners.ParentRunner$1.schedule(ParentRunner.java:79)
	at org.junit.runners.ParentRunner.runChildren(ParentRunner.java:329)
	at org.junit.runners.ParentRunner.access$100(ParentRunner.java:66)
	at org.junit.runners.ParentRunner$2.evaluate(ParentRunner.java:293)
	at org.junit.runners.ParentRunner$3.evaluate(ParentRunner.java:306)
	at org.junit.runners.ParentRunner.run(ParentRunner.java:413)
	at org.apache.maven.surefire.junit4.JUnit4Provider.execute(JUnit4Provider.java:252)
	at org.apache.maven.surefire.junit4.JUnit4Provider.executeTestSet(JUnit4Provider.java:141)
	at org.apache.maven.surefire.junit4.JUnit4Provider.invoke(JUnit4Provider.java:112)
	at java.base/jdk.internal.reflect.DirectMethodHandleAccessor.invoke(DirectMethodHandleAccessor.java:104)
	at java.base/java.lang.reflect.Method.invoke(Method.java:578)
	at org.apache.maven.surefire.util.ReflectionUtils.invokeMethodWithArray(ReflectionUtils.java:189)
	at org.apache.maven.surefire.booter.ProviderFactory$ProviderProxy.invoke(ProviderFactory.java:165)
	at org.apache.maven.surefire.booter.ProviderFactory.invokeProvider(ProviderFactory.java:85)
	at org.apache.maven.surefire.booter.ForkedBooter.runSuitesInProcess(ForkedBooter.java:115)
	at org.apache.maven.surefire.booter.ForkedBooter.main(ForkedBooter.java:75)
</failure>
    <system-err>[main] INFO com.unicorn.location.UnicornGetLocationHandler - Received a request here!
[main] ERROR com.unicorn.location.UnicornGetLocationHandler - software.amazon.awssdk.services.dynamodb.model.ResourceNotFoundException: Requested resource not found (Service: DynamoDb, Status Code: 400, Request ID: D3ASL9L21HLOJG5U6A57JHML8RVV4KQNSO5AEMVJF66Q9ASUAAJG)
java.util.concurrent.ExecutionException: software.amazon.awssdk.services.dynamodb.model.ResourceNotFoundException: Requested resource not found (Service: DynamoDb, Status Code: 400, Request ID: D3ASL9L21HLOJG5U6A57JHML8RVV4KQNSO5AEMVJF66Q9ASUAAJG)
	at java.base/java.util.concurrent.CompletableFuture.reportGet(CompletableFuture.java:396)
	at java.base/java.util.concurrent.CompletableFuture.get(CompletableFuture.java:2073)
	at com.unicorn.location.UnicornGetLocationHandler.getAllLocations(UnicornGetLocationHandler.java:77)
	at com.unicorn.location.UnicornGetLocationHandler.handleRequest(UnicornGetLocationHandler.java:55)
	at com.unicorn.location.UnicornPostLocationHandlerTest.successfulResponse(UnicornPostLocationHandlerTest.java:20)
	at java.base/jdk.internal.reflect.DirectMethodHandleAccessor.invoke(DirectMethodHandleAccessor.java:104)
	at java.base/java.lang.reflect.Method.invoke(Method.java:578)
	at org.junit.runners.model.FrameworkMethod$1.runReflectiveCall(FrameworkMethod.java:59)
	at org.junit.internal.runners.model.ReflectiveCallable.run(ReflectiveCallable.java:12)
	at org.junit.runners.model.FrameworkMethod.invokeExplosively(FrameworkMethod.java:56)
	at org.junit.internal.runners.statements.InvokeMethod.evaluate(InvokeMethod.java:17)
	at org.junit.runners.ParentRunner$3.evaluate(ParentRunner.java:306)
	at org.junit.runners.BlockJUnit4ClassRunner$1.evaluate(BlockJUnit4ClassRunner.java:100)
	at org.junit.runners.ParentRunner.runLeaf(ParentRunner.java:366)
	at org.junit.runners.BlockJUnit4ClassRunner.runChild(BlockJUnit4ClassRunner.java:103)
	at org.junit.runners.BlockJUnit4ClassRunner.runChild(BlockJUnit4ClassRunner.java:63)
	at org.junit.runners.ParentRunner$4.run(ParentRunner.java:331)
	at org.junit.runners.ParentRunner$1.schedule(ParentRunner.java:79)
	at org.junit.runners.ParentRunner.runChildren(ParentRunner.java:329)
	at org.junit.runners.ParentRunner.access$100(ParentRunner.java:66)
	at org.junit.runners.ParentRunner$2.evaluate(ParentRunner.java:293)
	at org.junit.runners.ParentRunner$3.evaluate(ParentRunner.java:306)
	at org.junit.runners.ParentRunner.run(ParentRunner.java:413)
	at org.apache.maven.surefire.junit4.JUnit4Provider.execute(JUnit4Provider.java:252)
	at org.apache.maven.surefire.junit4.JUnit4Provider.executeTestSet(JUnit4Provider.java:141)
	at org.apache.maven.surefire.junit4.JUnit4Provider.invoke(JUnit4Provider.java:112)
	at java.base/jdk.internal.reflect.DirectMethodHandleAccessor.invoke(DirectMethodHandleAccessor.java:104)
	at java.base/java.lang.reflect.Method.invoke(Method.java:578)
	at org.apache.maven.surefire.util.ReflectionUtils.invokeMethodWithArray(ReflectionUtils.java:189)
	at org.apache.maven.surefire.booter.ProviderFactory$ProviderProxy.invoke(ProviderFactory.java:165)
	at org.apache.maven.surefire.booter.ProviderFactory.invokeProvider(ProviderFactory.java:85)
	at org.apache.maven.surefire.booter.ForkedBooter.runSuitesInProcess(ForkedBooter.java:115)
	at org.apache.maven.surefire.booter.ForkedBooter.main(ForkedBooter.java:75)
Caused by: software.amazon.awssdk.services.dynamodb.model.ResourceNotFoundException: Requested resource not found (Service: DynamoDb, Status Code: 400, Request ID: D3ASL9L21HLOJG5U6A57JHML8RVV4KQNSO5AEMVJF66Q9ASUAAJG)
	at software.amazon.awssdk.services.dynamodb.model.ResourceNotFoundException$BuilderImpl.build(ResourceNotFoundException.java:127)
	at software.amazon.awssdk.services.dynamodb.model.ResourceNotFoundException$BuilderImpl.build(ResourceNotFoundException.java:81)
	at software.amazon.awssdk.protocols.json.internal.unmarshall.AwsJsonProtocolErrorUnmarshaller.unmarshall(AwsJsonProtocolErrorUnmarshaller.java:88)
	at software.amazon.awssdk.protocols.json.internal.unmarshall.AwsJsonProtocolErrorUnmarshaller.handle(AwsJsonProtocolErrorUnmarshaller.java:62)
	at software.amazon.awssdk.protocols.json.internal.unmarshall.AwsJsonProtocolErrorUnmarshaller.handle(AwsJsonProtocolErrorUnmarshaller.java:41)
	at software.amazon.awssdk.core.http.MetricCollectingHttpResponseHandler.lambda$handle$0(MetricCollectingHttpResponseHandler.java:52)
	at software.amazon.awssdk.core.internal.util.MetricUtils.measureDurationUnsafe(MetricUtils.java:63)
	at software.amazon.awssdk.core.http.MetricCollectingHttpResponseHandler.handle(MetricCollectingHttpResponseHandler.java:52)
	at software.amazon.awssdk.core.internal.http.async.AsyncResponseHandler.lambda$prepare$0(AsyncResponseHandler.java:89)
	at java.base/java.util.concurrent.CompletableFuture$UniCompose.tryFire(CompletableFuture.java:1150)
	at java.base/java.util.concurrent.CompletableFuture.postComplete(CompletableFuture.java:510)
	at java.base/java.util.concurrent.CompletableFuture.complete(CompletableFuture.java:2179)
	at software.amazon.awssdk.core.internal.http.async.AsyncResponseHandler$BaosSubscriber.onComplete(AsyncResponseHandler.java:132)
	at software.amazon.awssdk.utils.async.SimplePublisher.doProcessQueue(SimplePublisher.java:272)
	at software.amazon.awssdk.utils.async.SimplePublisher.processEventQueue(SimplePublisher.java:228)
	at software.amazon.awssdk.utils.async.SimplePublisher.complete(SimplePublisher.java:159)
	at software.amazon.awssdk.http.crt.internal.response.CrtResponseAdapter.onSuccessfulResponseComplete(CrtResponseAdapter.java:113)
	at software.amazon.awssdk.http.crt.internal.response.CrtResponseAdapter.onResponseComplete(CrtResponseAdapter.java:106)
	at software.amazon.awssdk.crt.http.HttpStreamResponseHandlerNativeAdapter.onResponseComplete(HttpStreamResponseHandlerNativeAdapter.java:58)
[main] ERROR com.unicorn.location.UnicornGetLocationHandler - Error while processing request
java.lang.RuntimeException: Error creating Scan Item request
	at com.unicorn.location.UnicornGetLocationHandler.getAllLocations(UnicornGetLocationHandler.java:92)
	at com.unicorn.location.UnicornGetLocationHandler.handleRequest(UnicornGetLocationHandler.java:55)
	at com.unicorn.location.UnicornPostLocationHandlerTest.successfulResponse(UnicornPostLocationHandlerTest.java:20)
	at java.base/jdk.internal.reflect.DirectMethodHandleAccessor.invoke(DirectMethodHandleAccessor.java:104)
	at java.base/java.lang.reflect.Method.invoke(Method.java:578)
	at org.junit.runners.model.FrameworkMethod$1.runReflectiveCall(FrameworkMethod.java:59)
	at org.junit.internal.runners.model.ReflectiveCallable.run(ReflectiveCallable.java:12)
	at org.junit.runners.model.FrameworkMethod.invokeExplosively(FrameworkMethod.java:56)
	at org.junit.internal.runners.statements.InvokeMethod.evaluate(InvokeMethod.java:17)
	at org.junit.runners.ParentRunner$3.evaluate(ParentRunner.java:306)
	at org.junit.runners.BlockJUnit4ClassRunner$1.evaluate(BlockJUnit4ClassRunner.java:100)
	at org.junit.runners.ParentRunner.runLeaf(ParentRunner.java:366)
	at org.junit.runners.BlockJUnit4ClassRunner.runChild(BlockJUnit4ClassRunner.java:103)
	at org.junit.runners.BlockJUnit4ClassRunner.runChild(BlockJUnit4ClassRunner.java:63)
	at org.junit.runners.ParentRunner$4.run(ParentRunner.java:331)
	at org.junit.runners.ParentRunner$1.schedule(ParentRunner.java:79)
	at org.junit.runners.ParentRunner.runChildren(ParentRunner.java:329)
	at org.junit.runners.ParentRunner.access$100(ParentRunner.java:66)
	at org.junit.runners.ParentRunner$2.evaluate(ParentRunner.java:293)
	at org.junit.runners.ParentRunner$3.evaluate(ParentRunner.java:306)
	at org.junit.runners.ParentRunner.run(ParentRunner.java:413)
	at org.apache.maven.surefire.junit4.JUnit4Provider.execute(JUnit4Provider.java:252)
	at org.apache.maven.surefire.junit4.JUnit4Provider.executeTestSet(JUnit4Provider.java:141)
	at org.apache.maven.surefire.junit4.JUnit4Provider.invoke(JUnit4Provider.java:112)
	at java.base/jdk.internal.reflect.DirectMethodHandleAccessor.invoke(DirectMethodHandleAccessor.java:104)
	at java.base/java.lang.reflect.Method.invoke(Method.java:578)
	at org.apache.maven.surefire.util.ReflectionUtils.invokeMethodWithArray(ReflectionUtils.java:189)
	at org.apache.maven.surefire.booter.ProviderFactory$ProviderProxy.invoke(ProviderFactory.java:165)
	at org.apache.maven.surefire.booter.ProviderFactory.invokeProvider(ProviderFactory.java:85)
	at org.apache.maven.surefire.booter.ForkedBooter.runSuitesInProcess(ForkedBooter.java:115)
	at org.apache.maven.surefire.booter.ForkedBooter.main(ForkedBooter.java:75)
</system-err>
  </testcase>
</testsuite>